<?xml version="1.0" encoding="UTF-8"?>
<testsuite xmlns:xsi="http://www.w3.org/2001/XMLSchema-instance" xsi:noNamespaceSchemaLocation="https://maven.apache.org/surefire/maven-surefire-plugin/xsd/surefire-test-report.xsd" version="3.0.2" name="com.regression.linearRegression.LinearRegressionApplicationTests" time="4.4" tests="1" errors="0" skipped="0" failures="0">
  <properties>
[...]
</properties>
  <testcase name="contextLoads" classname="com.regression.linearRegression.LinearRegressionApplicationTests" time="0.849">
    <system-out><![CDATA[01:21:46.717 [main] INFO org.springframework.test.context.support.AnnotationConfigContextLoaderUtils -- Could not detect default configuration classes for test class [com.regression.linearRegression.LinearRegressionApplicationTests]: LinearRegressionApplicationTests does not declare any static, non-private, non-final, nested classes annotated with @Configuration.
01:21:46.869 [main] INFO org.springframework.boot.test.context.SpringBootTestContextBootstrapper -- Found @SpringBootConfiguration com.regression.linearRegression.LinearRegressionApplication for test class com.regression.linearRegression.LinearRegressionApplicationTests
01:21:47.061 [main] INFO org.springframework.boot.devtools.restart.RestartApplicationListener -- Restart disabled due to context in which it is running

  .   ____          _            __ _ _
 /\\ / ___'_ __ _ _(_)_ __  __ _ \ \ \ \
( ( )\___ | '_ | '_| | '_ \/ _` | \ \ \ \
 \\/  ___)| |_)| | | | | || (_| |  ) ) ) )
  '  |____| .__|_| |_|_| |_\__, | / / / /
 =========|_|==============|___/=/_/_/_/

 :: Spring Boot ::                (v3.4.0)

2024-12-02T01:21:47.345+03:00  INFO 19284 --- [linearRegression] [           main] c.r.l.LinearRegressionApplicationTests   : Starting LinearRegressionApplicationTests using Java 21.0.2 with PID 19284 (started by feyza in F:\JavaProjects\linearRegression)
2024-12-02T01:21:47.346+03:00  INFO 19284 --- [linearRegression] [           main] c.r.l.LinearRegressionApplicationTests   : No active profile set, falling back to 1 default profile: "default"
2024-12-02T01:21:50.046+03:00  INFO 19284 --- [linearRegression] [           main] c.r.l.LinearRegressionApplicationTests   : Started LinearRegressionApplicationTests in 3.003 seconds (process running for 4.269)
]]></system-out>
    <system-err><![CDATA[Mockito is currently self-attaching to enable the inline-mock-maker. This will no longer work in future releases of the JDK. Please add Mockito as an agent to your build what is described in Mockito's documentation: https://javadoc.io/doc/org.mockito/mockito-core/latest/org/mockito/Mockito.html#0.3
WARNING: A Java agent has been loaded dynamically (C:\Users\feyza\.m2\repository\net\bytebuddy\byte-buddy-agent\1.15.10\byte-buddy-agent-1.15.10.jar)
WARNING: If a serviceability tool is in use, please run with -XX:+EnableDynamicAgentLoading to hide this warning
WARNING: If a serviceability tool is not in use, please run with -Djdk.instrument.traceUsage for more information
WARNING: Dynamic loading of agents will be disallowed by default in a future release
]]></system-err>
  </testcase>
</testsuite>